TN:
SF:contracts/mocks/MockV3Aggregator.sol
BRDA:20,0,6811bbb3a4b405dfd1fb21b1a671baea6c39e30754a20c9746a013bde34ab854,-
BRDA:21,0,5c1162d36e40994d71a8e2de9bd197588ea031feab226db16686454984cb6877,-
BRDA:25,0,b8a5698fe436e12c71ff4441957bb25fdc06b5dace9c5e20a8bd82bc14fa7cdd,-
BRDA:26,0,3cbc040c7fa84618e6356206ac6ee32063e98da9749479fbbe9a9288e0b834f8,-
BRDA:27,0,22dd97b7504852e2aab27472fe99833d23d5eceaf4fdb62068d9d7b53e37fbe9,-
BRDA:28,0,daa6ce30f5e314537ff62901a8004b800fcd5c712ad6c192a6c1cfb6b47ec8b9,-
BRDA:29,0,daa6ce30f5e314537ff62901a8004b800fcd5c712ad6c192a6c1cfb6b47ec8b9,-
BRDA:30,0,623131d550489da29b82ea6cc8525e48f57532fc8939f18493f016cdd325a53e,-
BRDA:31,0,433e5161c44c82efb523ba7ac0d4391fc21cf3988d6e1d4e238c3be088df6f9e,-
BRDA:45,0,231ba6420d9ef3437c1edbd6cebed6886460b3786c8b9c480ae00f56fb4d395f,-
BRDA:46,0,231ba6420d9ef3437c1edbd6cebed6886460b3786c8b9c480ae00f56fb4d395f,-
BRDA:47,0,231ba6420d9ef3437c1edbd6cebed6886460b3786c8b9c480ae00f56fb4d395f,-
BRDA:48,0,231ba6420d9ef3437c1edbd6cebed6886460b3786c8b9c480ae00f56fb4d395f,-
BRDA:49,0,231ba6420d9ef3437c1edbd6cebed6886460b3786c8b9c480ae00f56fb4d395f,-
BRDA:50,0,231ba6420d9ef3437c1edbd6cebed6886460b3786c8b9c480ae00f56fb4d395f,-
BRDA:51,0,231ba6420d9ef3437c1edbd6cebed6886460b3786c8b9c480ae00f56fb4d395f,-
BRH:0
BRF:16
DA:20,0
DA:21,0
DA:25,0
DA:26,0
DA:27,0
DA:28,0
DA:29,0
DA:30,0
DA:31,0
DA:45,0
DA:46,0
DA:47,0
DA:48,0
DA:49,0
DA:50,0
DA:51,0
LH:0
LF:16
end_of_record
SF:contracts/FundMe.sol
BRDA:36,0,9a683d5db55d45f01a650e6572638a26aa755eb0ad1511a4250f59089a10b224,-
BRDA:37,0,9a683d5db55d45f01a650e6572638a26aa755eb0ad1511a4250f59089a10b224,-
BRDA:37,0,ffcb7ac409bc65347926cff19c0fb80e561e6ab3f8ca5a786731bdc18f0fdbff,-
BRDA:38,0,597aef308cb64dbe04a3147cc522cee23852585818ce42771bb675d75e8876bc,-
BRDA:52,0,7e3410a8a86a8d704be6c03bd1cf8394ffcdc83f643646bd35496e3bfb90ad94,-
BRDA:53,0,0ee5ee5bcd917d83b0d7eab3da32ad823aa246d16d1dcc396b74eaa3414058f7,-
BRDA:58,0,6259e76b14fddcef21339bf45f54745f6ecbe7c08982478f35c5d2dd27be79d7,-
BRDA:59,0,6259e76b14fddcef21339bf45f54745f6ecbe7c08982478f35c5d2dd27be79d7,-
BRDA:60,0,6259e76b14fddcef21339bf45f54745f6ecbe7c08982478f35c5d2dd27be79d7,-
BRDA:61,0,6259e76b14fddcef21339bf45f54745f6ecbe7c08982478f35c5d2dd27be79d7,-
BRDA:62,0,37c7f50a7daaaf8cdc8712d14cfbe3d5f06a1e43b0f6c2e66316d2e548b6c19e,-
BRDA:63,0,37c7f50a7daaaf8cdc8712d14cfbe3d5f06a1e43b0f6c2e66316d2e548b6c19e,-
BRDA:64,0,7cf6288e10316bad4bb91f0be7af144b4b5906ce8c51aa4557b951943b51177c,-
BRDA:68,0,52a7f3da7e38b0c929cac54866a75d6a1cb4e68121d3aa4832c7050ddd847a8f,-
BRDA:69,0,52a7f3da7e38b0c929cac54866a75d6a1cb4e68121d3aa4832c7050ddd847a8f,-
BRDA:70,0,52a7f3da7e38b0c929cac54866a75d6a1cb4e68121d3aa4832c7050ddd847a8f,-
BRDA:71,0,52a7f3da7e38b0c929cac54866a75d6a1cb4e68121d3aa4832c7050ddd847a8f,-
BRDA:72,0,52a7f3da7e38b0c929cac54866a75d6a1cb4e68121d3aa4832c7050ddd847a8f,-
BRDA:73,0,52a7f3da7e38b0c929cac54866a75d6a1cb4e68121d3aa4832c7050ddd847a8f,-
BRDA:74,0,52a7f3da7e38b0c929cac54866a75d6a1cb4e68121d3aa4832c7050ddd847a8f,-
BRDA:75,0,52a7f3da7e38b0c929cac54866a75d6a1cb4e68121d3aa4832c7050ddd847a8f,-
BRDA:72,0,2ba87c889c085083cd77e9b8a164af5cb528e761ac57d11a18f80627d25b14dc,-
BRDA:73,0,2ba87c889c085083cd77e9b8a164af5cb528e761ac57d11a18f80627d25b14dc,-
BRDA:74,0,2ba87c889c085083cd77e9b8a164af5cb528e761ac57d11a18f80627d25b14dc,-
BRDA:75,0,2ba87c889c085083cd77e9b8a164af5cb528e761ac57d11a18f80627d25b14dc,-
BRDA:73,0,59d74107a224f7247725de582a20e9d04c5e140d18e7cd6dad102d6c0ebe7ba3,-
BRDA:74,0,cb9a38fb6857e51d8930219fd759cc2ca807e6680d6cc30bec8df0a6f31834ac,-
BRDA:76,0,2f5e563c402a8b3e03660ffc9600b44847ecc8d2206d2b0e59490eae10287044,-
BRDA:77,0,9a304c7fa94df22ec38ca12097cbb65922da1f8c50ee1da56ecf5558c25abd14,-
BRDA:78,0,9a304c7fa94df22ec38ca12097cbb65922da1f8c50ee1da56ecf5558c25abd14,-
BRDA:79,0,9a304c7fa94df22ec38ca12097cbb65922da1f8c50ee1da56ecf5558c25abd14,-
BRDA:80,0,2aa7b993c6c77b88eeadccdfec6026477f96057569a7ab500b05ee7aa042c028,-
BRDA:84,0,abadc92b2a1c981669dc18356916c9db4711c7e4989c28cfd8401caa9d11f6d9,-
BRDA:85,0,3ec29885203ef5f0c75e8859fe1e635a81e4e0dbf2f1549c5785928c32c1da6b,-
BRDA:86,0,3ec29885203ef5f0c75e8859fe1e635a81e4e0dbf2f1549c5785928c32c1da6b,-
BRDA:87,0,3ec29885203ef5f0c75e8859fe1e635a81e4e0dbf2f1549c5785928c32c1da6b,-
BRDA:88,0,3ec29885203ef5f0c75e8859fe1e635a81e4e0dbf2f1549c5785928c32c1da6b,-
BRDA:89,0,3ec29885203ef5f0c75e8859fe1e635a81e4e0dbf2f1549c5785928c32c1da6b,-
BRDA:90,0,3ec29885203ef5f0c75e8859fe1e635a81e4e0dbf2f1549c5785928c32c1da6b,-
BRDA:91,0,3ec29885203ef5f0c75e8859fe1e635a81e4e0dbf2f1549c5785928c32c1da6b,-
BRDA:92,0,3ec29885203ef5f0c75e8859fe1e635a81e4e0dbf2f1549c5785928c32c1da6b,-
BRDA:93,0,3ec29885203ef5f0c75e8859fe1e635a81e4e0dbf2f1549c5785928c32c1da6b,-
BRDA:90,0,4db70af7cfacee958a6497288d4889da18e34ddd4315a2babe803a6a36c8fd43,-
BRDA:91,0,4db70af7cfacee958a6497288d4889da18e34ddd4315a2babe803a6a36c8fd43,-
BRDA:92,0,4db70af7cfacee958a6497288d4889da18e34ddd4315a2babe803a6a36c8fd43,-
BRDA:93,0,4db70af7cfacee958a6497288d4889da18e34ddd4315a2babe803a6a36c8fd43,-
BRDA:91,0,26f5253c1643923f79bc64443688105617585f483fc1e44b7ab4b0019a25564a,-
BRDA:92,0,9058675cfc154abe06454d9c0848bb8838ca23ff895505da87e4318d08694019,-
BRDA:94,0,8e59ed117c28abb5aef9304c1cf17040fb9dd286a2dbb54ecc374a9a8842e114,-
BRDA:95,0,e3a24a5c8f8c22822f344b18027792923e7a768d0ffbd44b445062796fe98f34,-
BRDA:96,0,e3a24a5c8f8c22822f344b18027792923e7a768d0ffbd44b445062796fe98f34,-
BRDA:97,0,e7503a111a1823d1d7d12a7b3cde5aca56d5057310a9eff71a79a40d7192a71a,-
BRDA:107,0,dfe3574635258fa32bbec452adfe00a7e2bf969ffd061149a840aa37a3483858,-
BRDA:111,0,29fdc40ccf3017e8779c3fa132997618411cb8202383abc43f54ca8c8194ec69,-
BRDA:115,0,57085b580a65f09a49c0a6712a528bfdfb4cacf9e6bb3c83f8c9d8162cf9fd87,-
BRDA:119,0,48146bd0a8033b46134b305f652745236dd9cf5c66cbf5339bc0809cab79fa71,-
BRDA:123,0,a9e27e4cc10dcd547b9783ec6dcced8b27b95711de3612dde64f8205370efbcc,-
BRH:0
BRF:57
DA:36,0
DA:37,0
DA:38,0
DA:52,0
DA:53,0
DA:58,0
DA:59,0
DA:60,0
DA:61,0
DA:62,0
DA:63,0
DA:64,0
DA:68,0
DA:69,0
DA:70,0
DA:71,0
DA:72,0
DA:73,0
DA:74,0
DA:75,0
DA:76,0
DA:77,0
DA:78,0
DA:79,0
DA:80,0
DA:84,0
DA:85,0
DA:86,0
DA:87,0
DA:88,0
DA:89,0
DA:90,0
DA:91,0
DA:92,0
DA:93,0
DA:94,0
DA:95,0
DA:96,0
DA:97,0
DA:107,0
DA:111,0
DA:115,0
DA:119,0
DA:123,0
LH:0
LF:44
end_of_record
SF:contracts/PriceConverter.sol
BRDA:10,0,c2d45727ad8a2bace32a3294ac4f8d245fd83daf7c4fb45db1ac07d0c698183e,-
BRDA:11,0,dfd19ff1ddd53809facf5d291a0b874b9efa20834a192aedcf15693f2ef2f0a3,-
BRDA:12,0,dfd19ff1ddd53809facf5d291a0b874b9efa20834a192aedcf15693f2ef2f0a3,-
BRDA:22,0,8b5946a373a827612f325bc528104f1209fde402a23113b6353479edd2403c89,-
BRDA:23,0,005f1248b3e68cacdc3e2c4d463d7cd0e4bbd0986b4db912ff7adfdba7009723,-
BRDA:24,0,5b3af76a3b0c45ceebd6ae644953728b0d4c6c8ed9411de9b9d7e5334dad4c93,-
BRDA:25,0,5b3af76a3b0c45ceebd6ae644953728b0d4c6c8ed9411de9b9d7e5334dad4c93,-
BRH:0
BRF:7
DA:10,0
DA:11,0
DA:12,0
DA:22,0
DA:23,0
DA:24,0
DA:25,0
LH:0
LF:7
end_of_record
